#
# There is insufficient memory for the Java Runtime Environment to continue.
# Native memory allocation (malloc) failed to allocate 1048576 bytes for AllocateHeap
# Possible reasons:
#   The system is out of physical RAM or swap space
#   The process is running with CompressedOops enabled, and the Java Heap may be blocking the growth of the native heap
# Possible solutions:
#   Reduce memory load on the system
#   Increase physical memory or swap space
#   Check if swap backing store is full
#   Decrease Java heap size (-Xmx/-Xms)
#   Decrease number of Java threads
#   Decrease Java thread stack sizes (-Xss)
#   Set larger code cache with -XX:ReservedCodeCacheSize=
#   JVM is running with Zero Based Compressed Oops mode in which the Java heap is
#     placed in the first 32GB address space. The Java Heap base address is the
#     maximum limit for the native heap growth. Please use -XX:HeapBaseMinAddress
#     to set the Java Heap base and to place the Java Heap above 32GB virtual address.
# This output file may be truncated or incomplete.
#
#  Out of Memory Error (allocation.cpp:44), pid=11544, tid=13828
#
# JRE version:  (20.0.2+9) (build )
# Java VM: Java HotSpot(TM) 64-Bit Server VM (20.0.2+9-78, mixed mode, sharing, tiered, compressed oops, compressed class ptrs, g1 gc, windows-amd64)
# No core dump will be written. Minidumps are not enabled by default on client versions of Windows
#

---------------  S U M M A R Y ------------

Command Line: -Dapplication.home=C:\Program Files\Java\jdk-20 --add-modules=ALL-DEFAULT -Xms8m -Djdk.module.main=jdk.jlink jdk.jlink/jdk.tools.jlink.internal.Main --version

Host: AMD Ryzen 5 5600H with Radeon Graphics         , 12 cores, 21G,  Windows 11 , 64 bit Build 22621 (10.0.22621.2506)
Time: Mon Nov  6 12:41:46 2023 SE Asia Standard Time elapsed time: 0.071140 seconds (0d 0h 0m 0s)

---------------  T H R E A D  ---------------

Current thread (0x000002132d1d0da0):  JavaThread "Unknown thread" [_thread_in_vm, id=13828, stack(0x0000004f9eb00000,0x0000004f9ec00000)]

Stack: [0x0000004f9eb00000,0x0000004f9ec00000]
Native frames: (J=compiled Java code, j=interpreted, Vv=VM code, C=native code)
V  [jvm.dll+0x6bc25a]
V  [jvm.dll+0x84971a]
V  [jvm.dll+0x84b315]
V  [jvm.dll+0x84ba13]
V  [jvm.dll+0x280e4f]
V  [jvm.dll+0xbce65]
V  [jvm.dll+0x333ec5]
V  [jvm.dll+0x32c661]
V  [jvm.dll+0x8123df]
V  [jvm.dll+0x3c1261]
V  [jvm.dll+0x7fe103]
V  [jvm.dll+0x44ccaf]
V  [jvm.dll+0x44e621]
C  [jli.dll+0x5287]
C  [ucrtbase.dll+0x29363]
C  [KERNEL32.DLL+0x1257d]
C  [ntdll.dll+0x5aa58]


---------------  P R O C E S S  ---------------

Threads class SMR info:
_java_thread_list=0x00007ffa29e8b118, length=0, elements={
}

Java Threads: ( => current thread )

Other Threads:
  0x000002132d252b10 WorkerThread "GC Thread#0" [stack: 0x0000004f9ec00000,0x0000004f9ed00000] [id=8136]

[error occurred during error reporting (printing all threads), id 0xc0000005, EXCEPTION_ACCESS_VIOLATION (0xc0000005) at pc=0x00007ffa29668d60]
VM state: not at safepoint (not fully initialized)

VM Mutex/Monitor currently owned by a thread:  ([mutex/lock_event])
[0x000002132d1c9980] Heap_lock - owner thread: 0x000002132d1d0da0

Heap address: 0x00000006a2400000, size: 5596 MB, Compressed Oops mode: Zero based, Oop shift amount: 3

CDS archive(s) mapped at: [0x0000000000000000-0x0000000000000000-0x0000000000000000), size 0, SharedBaseAddress: 0x0000000800000000, ArchiveRelocationMode: 1.
Narrow klass base: 0x0000000000000000, Narrow klass shift: 0, Narrow klass range: 0x0

GC Precious Log:
 CardTable entry size: 512
 Card Set container configuration: InlinePtr #cards 4 size 8 Array Of Cards #cards 32 size 80 Howl #buckets 8 coarsen threshold 7372 Howl Bitmap #cards 1024 size 144 coarsen threshold 921 Card regions per heap region 1 cards per card region 8192

Heap:
 garbage-first heap   total 0K, used 0K [0x00000006a2400000, 0x0000000800000000)
  region size 4096K, 0 young (0K), 0 survivors (0K)

[error occurred during error reporting (printing heap information), id 0xc0000005, EXCEPTION_ACCESS_VIOLATION (0xc0000005) at pc=0x00007ffa29a447b9]
GC Heap History (0 events):
No events

Dll operation events (1 events):
Event: 0.067 Loaded shared library C:\Program Files\Java\jdk-20\bin\java.dll

Deoptimization events (0 events):
No events

Classes loaded (0 events):
No events

Classes unloaded (0 events):
No events

Classes redefined (0 events):
No events

Internal exceptions (0 events):
No events

VM Operations (0 events):
No events

Events (0 events):
No events


Dynamic libraries:
0x00007ff72dd40000 - 0x00007ff72dd48000 	C:\Program Files\Java\jdk-20\bin\jlink.exe
0x00007ffa74b90000 - 0x00007ffa74da7000 	C:\Windows\SYSTEM32\ntdll.dll
0x00007ffa73950000 - 0x00007ffa73a14000 	C:\Windows\System32\KERNEL32.DLL
0x00007ffa72180000 - 0x00007ffa72527000 	C:\Windows\System32\KERNELBASE.dll
0x00007ffa72060000 - 0x00007ffa72171000 	C:\Windows\System32\ucrtbase.dll
0x00007ffa6abe0000 - 0x00007ffa6abf9000 	C:\Program Files\Java\jdk-20\bin\jli.dll
0x00007ffa6c3c0000 - 0x00007ffa6c3db000 	C:\Program Files\Java\jdk-20\bin\VCRUNTIME140.dll
0x00007ffa73b80000 - 0x00007ffa73c30000 	C:\Windows\System32\ADVAPI32.dll
0x00007ffa74aa0000 - 0x00007ffa74b47000 	C:\Windows\System32\msvcrt.dll
0x00007ffa73320000 - 0x00007ffa733c6000 	C:\Windows\System32\sechost.dll
0x00007ffa74240000 - 0x00007ffa74357000 	C:\Windows\System32\RPCRT4.dll
0x00007ffa74750000 - 0x00007ffa748fe000 	C:\Windows\System32\USER32.dll
0x00007ffa71f90000 - 0x00007ffa71fb6000 	C:\Windows\System32\win32u.dll
0x00007ffa60b10000 - 0x00007ffa60da3000 	C:\Windows\WinSxS\amd64_microsoft.windows.common-controls_6595b64144ccf1df_6.0.22621.2506_none_270c5ae97388e100\COMCTL32.dll
0x00007ffa731a0000 - 0x00007ffa731c9000 	C:\Windows\System32\GDI32.dll
0x00007ffa727d0000 - 0x00007ffa728e9000 	C:\Windows\System32\gdi32full.dll
0x00007ffa71fc0000 - 0x00007ffa7205a000 	C:\Windows\System32\msvcp_win.dll
0x00007ffa6f7d0000 - 0x00007ffa6f7da000 	C:\Windows\SYSTEM32\VERSION.dll
0x00007ffa73b30000 - 0x00007ffa73b61000 	C:\Windows\System32\IMM32.DLL
0x00007ffa6f960000 - 0x00007ffa6f96c000 	C:\Program Files\Java\jdk-20\bin\vcruntime140_1.dll
0x00007ffa5ec80000 - 0x00007ffa5ed0e000 	C:\Program Files\Java\jdk-20\bin\msvcp140.dll
0x00007ffa29330000 - 0x00007ffa29fc8000 	C:\Program Files\Java\jdk-20\bin\server\jvm.dll
0x00007ffa698a0000 - 0x00007ffa698d4000 	C:\Windows\SYSTEM32\WINMM.dll
0x00007ffa6f8f0000 - 0x00007ffa6f8f9000 	C:\Windows\SYSTEM32\WSOCK32.dll
0x00007ffa73ab0000 - 0x00007ffa73b21000 	C:\Windows\System32\WS2_32.dll
0x00007ffa70f20000 - 0x00007ffa70f38000 	C:\Windows\SYSTEM32\kernel.appcore.dll
0x00007ffa6f700000 - 0x00007ffa6f70a000 	C:\Program Files\Java\jdk-20\bin\jimage.dll
0x00007ffa6efc0000 - 0x00007ffa6f1f3000 	C:\Windows\SYSTEM32\DBGHELP.DLL
0x00007ffa743c0000 - 0x00007ffa74749000 	C:\Windows\System32\combase.dll
0x00007ffa73590000 - 0x00007ffa73667000 	C:\Windows\System32\OLEAUT32.dll
0x00007ffa57010000 - 0x00007ffa57042000 	C:\Windows\SYSTEM32\dbgcore.DLL
0x00007ffa71f10000 - 0x00007ffa71f8a000 	C:\Windows\System32\bcryptPrimitives.dll
0x00007ffa668e0000 - 0x00007ffa66906000 	C:\Program Files\Java\jdk-20\bin\java.dll

dbghelp: loaded successfully - version: 4.0.5 - missing functions: none
symbol engine: initialized successfully - sym options: 0x614 - pdb path: .;C:\Program Files\Java\jdk-20\bin;C:\Windows\SYSTEM32;C:\Windows\WinSxS\amd64_microsoft.windows.common-controls_6595b64144ccf1df_6.0.22621.2506_none_270c5ae97388e100;C:\Program Files\Java\jdk-20\bin\server

VM Arguments:
jvm_args: -Dapplication.home=C:\Program Files\Java\jdk-20 --add-modules=ALL-DEFAULT -Xms8m -Djdk.module.main=jdk.jlink 
java_command: jdk.jlink/jdk.tools.jlink.internal.Main --version
java_class_path (initial): <not set>
Launcher Type: SUN_STANDARD

[Global flags]
     intx CICompilerCount                          = 4                                         {product} {ergonomic}
     uint ConcGCThreads                            = 3                                         {product} {ergonomic}
     uint G1ConcRefinementThreads                  = 10                                        {product} {ergonomic}
   size_t G1HeapRegionSize                         = 4194304                                   {product} {ergonomic}
    uintx GCDrainStackTargetSize                   = 64                                        {product} {ergonomic}
   size_t InitialHeapSize                          = 8388608                                   {product} {command line}
   size_t MarkStackSize                            = 4194304                                   {product} {ergonomic}
   size_t MaxHeapSize                              = 5867831296                                {product} {ergonomic}
   size_t MinHeapDeltaBytes                        = 4194304                                   {product} {ergonomic}
   size_t MinHeapSize                              = 8388608                                   {product} {command line}
    uintx NonNMethodCodeHeapSize                   = 5839372                                {pd product} {ergonomic}
    uintx NonProfiledCodeHeapSize                  = 122909434                              {pd product} {ergonomic}
    uintx ProfiledCodeHeapSize                     = 122909434                              {pd product} {ergonomic}
    uintx ReservedCodeCacheSize                    = 251658240                              {pd product} {ergonomic}
     bool SegmentedCodeCache                       = true                                      {product} {ergonomic}
   size_t SoftMaxHeapSize                          = 5867831296                             {manageable} {ergonomic}
     bool UseCompressedClassPointers               = true                           {product lp64_product} {ergonomic}
     bool UseCompressedOops                        = true                           {product lp64_product} {ergonomic}
     bool UseG1GC                                  = true                                      {product} {ergonomic}
     bool UseLargePagesIndividualAllocation        = false                                  {pd product} {ergonomic}

Logging:
Log output configuration:
 #0: stdout all=warning uptime,level,tags foldmultilines=false
 #1: stderr all=off uptime,level,tags foldmultilines=false

Environment Variables:
JAVA_HOME=C:\Program Files\Java\jdk-20
PATH=C:\Program Files\Google\Chrome\Application;C:\Users\Lenovo\Desktop\Dii-2023-hackaton\react-app\node_modules\.bin;C:\Users\Lenovo\Desktop\Dii-2023-hackaton\node_modules\.bin;C:\Users\Lenovo\Desktop\node_modules\.bin;C:\Users\Lenovo\node_modules\.bin;C:\Users\node_modules\.bin;C:\node_modules\.bin;C:\Program Files\nodejs\node_modules\npm\node_modules\@npmcli\run-script\lib\node-gyp-bin;C:\Program Files (x86)\Common Files\Oracle\Java\javapath;C:\Program Files\Eclipse Adoptium\jdk-17.0.5.8-hotspot\bin;C:\Program Files\Microsoft\jdk-11.0.12.7-hotspot\bin;C:\Windows\system32;C:\Windows;C:\Windows\System32\Wbem;C:\Windows\System32\WindowsPowerShell\v1.0\;C:\Windows\System32\OpenSSH\;C:\Program Files\NVIDIA Corporation\NVIDIA NvDLISR;C:\Program Files\Microsoft SQL Server\150\Tools\Binn\;C:\Program Files\Microsoft SQL Server\Client SDK\ODBC\170\Tools\Binn\;C:\Program Files\dotnet\;C:\Windows\system32;C:\Windows;C:\Windows\System32\Wbem;C:\Windows\System32\WindowsPowerShell\v1.0\;C:\Windows\System32\OpenSSH\;C:\Program Files (x86)\NVIDIA Corporation\PhysX\Common;C:\Program Files\Git\cmd;C:\Program Files\nodejs\;C:\Users\Lenovo\Downloads\lua-5.4.2_Win64_bin;C:\Program Files\apache-maven-3.9.3\bin;%JAVA_HOME%\bin;C:\Program Files\Docker\Docker\resources\bin;C:\Android\platform-tools;C:\Users\Lenovo\AppData\Local\Android\Sdk\cmdline-tools\latest\bin;C:\Users\Lenovo\AppData\Local\Android\Sdk\platform-tools;C:\Users\Lenovo\AppData\Local\Android\Sdk\tools;C:\Users\Lenovo\AppData\Local\Programs\Python\Python311\Scripts\;C:\Users\Lenovo\AppData\Local\Programs\Python\Python311\;C:\Users\Lenovo\AppData\Local\Microsoft\WindowsApps;C:\Users\Lenovo\AppData\Local\Programs\Microsoft VS Code\bin;C:\Users\Lenovo\.dotnet\tools;C:\Users\Lenovo\AppData\Local\GitHubDesktop\bin;C:\Users\Lenovo\AppData\Roaming\npm;C:\Program Files\MySQL\MySQL Server 8.0\bin;
USERNAME=Lenovo
LANG=en_US.UTF-8
OS=Windows_NT
PROCESSOR_IDENTIFIER=AMD64 Family 25 Model 80 Stepping 0, AuthenticAMD
TMP=C:\Users\Lenovo\AppData\Local\Temp
TEMP=C:\Users\Lenovo\AppData\Local\Temp




---------------  S Y S T E M  ---------------

OS:
 Windows 11 , 64 bit Build 22621 (10.0.22621.2506)
OS uptime: 0 days 7:49 hours
Hyper-V role detected

CPU: total 12 (initial active 12) (12 cores per cpu, 2 threads per core) family 25 model 80 stepping 0 microcode 0x0, cx8, cmov, fxsr, ht, mmx, 3dnowpref, sse, sse2, sse3, ssse3, sse4a, sse4.1, sse4.2, popcnt, lzcnt, tsc, tscinvbit, avx, avx2, aes, erms, clmul, bmi1, bmi2, adx, sha, fma, vzeroupper, clflush, clflushopt, hv, rdtscp, rdpid, fsrm, f16c, cet_ss

Memory: 4k page, system-wide physical 22380M (521M free)
TotalPageFile size 30572M (AvailPageFile size 5M)
current process WorkingSet (physical memory assigned to process): 11M, peak: 11M
current process commit charge ("private bytes"): 63M, peak: 64M

vm_info: Java HotSpot(TM) 64-Bit Server VM (20.0.2+9-78) for windows-amd64 JRE (20.0.2+9-78), built on 2023-06-14T10:08:48Z by "mach5one" with MS VC++ 17.1 (VS2022)

END.
